<html>
<head>
<title>TestNG:  Default test</title>
<link href="../testng.css" rel="stylesheet" type="text/css" />
<link href="../my-testng.css" rel="stylesheet" type="text/css" />

<style type="text/css">
.log { display: none;} 
.stack-trace { display: none;} 
</style>
<script type="text/javascript">
<!--
function flip(e) {
  current = e.style.display;
  if (current == 'block') {
    e.style.display = 'none';
    return 0;
  }
  else {
    e.style.display = 'block';
    return 1;
  }
}

function toggleBox(szDivId, elem, msg1, msg2)
{
  var res = -1;  if (document.getElementById) {
    res = flip(document.getElementById(szDivId));
  }
  else if (document.all) {
    // this is the way old msie versions work
    res = flip(document.all[szDivId]);
  }
  if(elem) {
    if(res == 0) elem.innerHTML = msg1; else elem.innerHTML = msg2;
  }

}

function toggleAllBoxes() {
  if (document.getElementsByTagName) {
    d = document.getElementsByTagName('div');
    for (i = 0; i < d.length; i++) {
      if (d[i].className == 'log') {
        flip(d[i]);
      }
    }
  }
}

// -->
</script>

</head>
<body>
<h2 align='center'>Default test</h2><table border='1' align="center">
<tr>
<td>Tests passed/Failed/Skipped:</td><td>20/1/0</td>
</tr><tr>
<td>Started on:</td><td>Fri Sep 29 11:41:03 IST 2023</td>
</tr>
<tr><td>Total time:</td><td>248 seconds (248535 ms)</td>
</tr><tr>
<td>Included groups:</td><td></td>
</tr><tr>
<td>Excluded groups:</td><td></td>
</tr>
</table><p/>
<small><i>(Hover the method name to see the test class name)</i></small><p/>
<table width='100%' border='1' class='invocation-failed'>
<tr><td colspan='4' align='center'><b>FAILED TESTS</b></td></tr>
<tr><td><b>Test method</b></td>
<td><b>Attribute(s)</b></td>
<td width="30%"><b>Exception</b></td>
<td width="10%"><b>Time (seconds)</b></td>
<td><b>Instance</b></td>
</tr>
<tr>
<td title='com.runner.runner$CucumberRunnerTests.runScenario()'><b>runScenario</b><br>Test class: com.runner.runner$CucumberRunnerTests<br>Test method: Runs Cucumber Scenarios<br>Parameters: "Buy and print voucher", "Validate Vouchers functionality"</td>
<td><div><pre>org.openqa.selenium.NoSuchElementException: no such element: Unable to locate element: {&quot;method&quot;:&quot;xpath&quot;,&quot;selector&quot;:&quot;//span[text()=&apos;Confirm&apos;]&quot;}
  (Session info: chrome=117.0.5938.92)
For documentation on this error, please visit: https://www.selenium.dev/documentation/webdriver/troubleshooting/errors#no-such-element-exception
Build info: version: &apos;4.12.1&apos;, revision: &apos;8e34639b11&apos;
System info: os.name: &apos;Windows 10&apos;, os.arch: &apos;amd64&apos;, os.version: &apos;10.0&apos;, java.version: &apos;17.0.7&apos;
Driver info: org.openqa.selenium.chrome.ChromeDriver
Command: [44ee913c0d2a5fc1a006a646bf2995e1, findElement {using=xpath, value=//span[text()=&apos;Confirm&apos;]}]
Capabilities {acceptInsecureCerts: false, browserName: chrome, browserVersion: 117.0.5938.92, chrome: {chromedriverVersion: 117.0.5938.92 (67649b10b92b..., userDataDir: C:\Users\PSUGAN~1\AppData\L...}, fedcm:accounts: true, goog:chromeOptions: {debuggerAddress: localhost:58611}, networkConnectionEnabled: false, pageLoadStrategy: normal, platformName: windows, proxy: Proxy(), se:cdp: ws://localhost:58611/devtoo..., se:cdpVersion: 117.0.5938.92, setWindowRect: true, strictFileInteractability: false, timeouts: {implicit: 0, pageLoad: 300000, script: 30000}, unhandledPromptBehavior: dismiss and notify, webauthn:extension:credBlob: true, webauthn:extension:largeBlob: true, webauthn:extension:minPinLength: true, webauthn:extension:prf: true, webauthn:virtualAuthenticators: true}
Session ID: 44ee913c0d2a5fc1a006a646bf2995e1
	at java.base/jdk.internal.reflect.NativeConstructorAccessorImpl.newInstance0(Native Method)
	at java.base/jdk.internal.reflect.NativeConstructorAccessorImpl.newInstance(NativeConstructorAccessorImpl.java:77)
	at java.base/jdk.internal.reflect.DelegatingConstructorAccessorImpl.newInstance(DelegatingConstructorAccessorImpl.java:45)
	at java.base/java.lang.reflect.Constructor.newInstanceWithCaller(Constructor.java:499)
	at java.base/java.lang.reflect.Constructor.newInstance(Constructor.java:480)
	at org.openqa.selenium.remote.codec.w3c.W3CHttpResponseCodec.createException(W3CHttpResponseCodec.java:200)
	at org.openqa.selenium.remote.codec.w3c.W3CHttpResponseCodec.decode(W3CHttpResponseCodec.java:133)
	at org.openqa.selenium.remote.codec.w3c.W3CHttpResponseCodec.decode(W3CHttpResponseCodec.java:52)
	at org.openqa.selenium.remote.HttpCommandExecutor.execute(HttpCommandExecutor.java:191)
	at org.openqa.selenium.remote.service.DriverCommandExecutor.invokeExecute(DriverCommandExecutor.java:196)
	at org.openqa.selenium.remote.service.DriverCommandExecutor.execute(DriverCommandExecutor.java:171)
	at org.openqa.selenium.remote.RemoteWebDriver.execute(RemoteWebDriver.java:602)
	at org.openqa.selenium.remote.ElementLocation$ElementFinder$2.findElement(ElementLocation.java:165)
	at org.openqa.selenium.remote.ElementLocation.findElement(ElementLocation.java:59)
	at org.openqa.selenium.remote.RemoteWebDriver.findElement(RemoteWebDriver.java:359)
	at org.openqa.selenium.remote.RemoteWebDriver.findElement(RemoteWebDriver.java:353)
	at org.openqa.selenium.support.pagefactory.DefaultElementLocator.findElement(DefaultElementLocator.java:68)
	at org.openqa.selenium.support.pagefactory.internal.LocatingElementHandler.invoke(LocatingElementHandler.java:38)
	at jdk.proxy2/jdk.proxy2.$Proxy42.click(Unknown Source)
	at com.actions.VoucherActions.clickConfirm(VoucherActions.java:56)
	at com.stepdefination.VoucherDefinition.click_on_confirmm(VoucherDefinition.java:152)
	at ✽.Click on confirmm(file:///C:/Users/psugandhi/Documents/GitHub/Team-Gladiators/Team_Gladiators/src/test/resources/feature/Vouchers.feature:11)
</pre></div><a href='#' onClick='toggleBox("stack-trace481817342", this, "Click to show all stack frames", "Click to hide stack frames")'>Click to show all stack frames</a>
<div class='stack-trace' id='stack-trace481817342'><pre>org.openqa.selenium.NoSuchElementException: no such element: Unable to locate element: {&quot;method&quot;:&quot;xpath&quot;,&quot;selector&quot;:&quot;//span[text()=&apos;Confirm&apos;]&quot;}
  (Session info: chrome=117.0.5938.92)
For documentation on this error, please visit: https://www.selenium.dev/documentation/webdriver/troubleshooting/errors#no-such-element-exception
Build info: version: &apos;4.12.1&apos;, revision: &apos;8e34639b11&apos;
System info: os.name: &apos;Windows 10&apos;, os.arch: &apos;amd64&apos;, os.version: &apos;10.0&apos;, java.version: &apos;17.0.7&apos;
Driver info: org.openqa.selenium.chrome.ChromeDriver
Command: [44ee913c0d2a5fc1a006a646bf2995e1, findElement {using=xpath, value=//span[text()=&apos;Confirm&apos;]}]
Capabilities {acceptInsecureCerts: false, browserName: chrome, browserVersion: 117.0.5938.92, chrome: {chromedriverVersion: 117.0.5938.92 (67649b10b92b..., userDataDir: C:\Users\PSUGAN~1\AppData\L...}, fedcm:accounts: true, goog:chromeOptions: {debuggerAddress: localhost:58611}, networkConnectionEnabled: false, pageLoadStrategy: normal, platformName: windows, proxy: Proxy(), se:cdp: ws://localhost:58611/devtoo..., se:cdpVersion: 117.0.5938.92, setWindowRect: true, strictFileInteractability: false, timeouts: {implicit: 0, pageLoad: 300000, script: 30000}, unhandledPromptBehavior: dismiss and notify, webauthn:extension:credBlob: true, webauthn:extension:largeBlob: true, webauthn:extension:minPinLength: true, webauthn:extension:prf: true, webauthn:virtualAuthenticators: true}
Session ID: 44ee913c0d2a5fc1a006a646bf2995e1
	at java.base/jdk.internal.reflect.NativeConstructorAccessorImpl.newInstance0(Native Method)
	at java.base/jdk.internal.reflect.NativeConstructorAccessorImpl.newInstance(NativeConstructorAccessorImpl.java:77)
	at java.base/jdk.internal.reflect.DelegatingConstructorAccessorImpl.newInstance(DelegatingConstructorAccessorImpl.java:45)
	at java.base/java.lang.reflect.Constructor.newInstanceWithCaller(Constructor.java:499)
	at java.base/java.lang.reflect.Constructor.newInstance(Constructor.java:480)
	at org.openqa.selenium.remote.codec.w3c.W3CHttpResponseCodec.createException(W3CHttpResponseCodec.java:200)
	at org.openqa.selenium.remote.codec.w3c.W3CHttpResponseCodec.decode(W3CHttpResponseCodec.java:133)
	at org.openqa.selenium.remote.codec.w3c.W3CHttpResponseCodec.decode(W3CHttpResponseCodec.java:52)
	at org.openqa.selenium.remote.HttpCommandExecutor.execute(HttpCommandExecutor.java:191)
	at org.openqa.selenium.remote.service.DriverCommandExecutor.invokeExecute(DriverCommandExecutor.java:196)
	at org.openqa.selenium.remote.service.DriverCommandExecutor.execute(DriverCommandExecutor.java:171)
	at org.openqa.selenium.remote.RemoteWebDriver.execute(RemoteWebDriver.java:602)
	at org.openqa.selenium.remote.ElementLocation$ElementFinder$2.findElement(ElementLocation.java:165)
	at org.openqa.selenium.remote.ElementLocation.findElement(ElementLocation.java:59)
	at org.openqa.selenium.remote.RemoteWebDriver.findElement(RemoteWebDriver.java:359)
	at org.openqa.selenium.remote.RemoteWebDriver.findElement(RemoteWebDriver.java:353)
	at org.openqa.selenium.support.pagefactory.DefaultElementLocator.findElement(DefaultElementLocator.java:68)
	at org.openqa.selenium.support.pagefactory.internal.LocatingElementHandler.invoke(LocatingElementHandler.java:38)
	at jdk.proxy2/jdk.proxy2.$Proxy42.click(Unknown Source)
	at com.actions.VoucherActions.clickConfirm(VoucherActions.java:56)
	at com.stepdefination.VoucherDefinition.click_on_confirmm(VoucherDefinition.java:152)
	at ✽.Click on confirmm(file:///C:/Users/psugandhi/Documents/GitHub/Team-Gladiators/Team_Gladiators/src/test/resources/feature/Vouchers.feature:11)
</pre></div></td>
<td>20</td>
<td>com.runner.runner$CucumberRunnerTests@548a24a</td></tr>
</table><p>
<table width='100%' border='1' class='invocation-passed'>
<tr><td colspan='4' align='center'><b>PASSED TESTS</b></td></tr>
<tr><td><b>Test method</b></td>
<td><b>Attribute(s)</b></td>
<td width="30%"><b>Exception</b></td>
<td width="10%"><b>Time (seconds)</b></td>
<td><b>Instance</b></td>
</tr>
<tr>
<td title='com.runner.runner$CucumberRunnerTests.runScenario()'><b>runScenario</b><br>Test class: com.runner.runner$CucumberRunnerTests<br>Test method: Runs Cucumber Scenarios<br>Parameters: "Manage Contacts", "check user functionalities"</td>
<td></td>
<td>16</td>
<td>com.runner.runner$CucumberRunnerTests@548a24a</td></tr>
<tr>
<td title='com.runner.runner$CucumberRunnerTests.runScenario()'><b>runScenario</b><br>Test class: com.runner.runner$CucumberRunnerTests<br>Test method: Runs Cucumber Scenarios<br>Parameters: "Sending rich text message to user", "Checking up the Mesaaging feature"</td>
<td></td>
<td>10</td>
<td>com.runner.runner$CucumberRunnerTests@548a24a</td></tr>
<tr>
<td title='com.runner.runner$CucumberRunnerTests.runScenario()'><b>runScenario</b><br>Test class: com.runner.runner$CucumberRunnerTests<br>Test method: Runs Cucumber Scenarios<br>Parameters: "Verify Display of Account Balance", "Account Information"</td>
<td></td>
<td>7</td>
<td>com.runner.runner$CucumberRunnerTests@548a24a</td></tr>
<tr>
<td title='com.runner.runner$CucumberRunnerTests.runScenario()'><b>runScenario</b><br>Test class: com.runner.runner$CucumberRunnerTests<br>Test method: Runs Cucumber Scenarios<br>Parameters: "Validating recurring payments functionality of application", "To validate the payments feature in application"</td>
<td></td>
<td>12</td>
<td>com.runner.runner$CucumberRunnerTests@548a24a</td></tr>
<tr>
<td title='com.runner.runner$CucumberRunnerTests.runScenario()'><b>runScenario</b><br>Test class: com.runner.runner$CucumberRunnerTests<br>Test method: Runs Cucumber Scenarios<br>Parameters: "Verify Successful Account Summary Display", "Account Information"</td>
<td></td>
<td>8</td>
<td>com.runner.runner$CucumberRunnerTests@548a24a</td></tr>
<tr>
<td title='com.runner.runner$CucumberRunnerTests.runScenario()'><b>runScenario</b><br>Test class: com.runner.runner$CucumberRunnerTests<br>Test method: Runs Cucumber Scenarios<br>Parameters: "Update Profile", "check user functionalities"</td>
<td></td>
<td>12</td>
<td>com.runner.runner$CucumberRunnerTests@548a24a</td></tr>
<tr>
<td title='com.runner.runner$CucumberRunnerTests.runScenario()'><b>runScenario</b><br>Test class: com.runner.runner$CucumberRunnerTests<br>Test method: Runs Cucumber Scenarios<br>Parameters: "orderBy advertisement categories", "Marketplace verification"</td>
<td></td>
<td>10</td>
<td>com.runner.runner$CucumberRunnerTests@548a24a</td></tr>
<tr>
<td title='com.runner.runner$CucumberRunnerTests.runScenario()'><b>runScenario</b><br>Test class: com.runner.runner$CucumberRunnerTests<br>Test method: Runs Cucumber Scenarios<br>Parameters: "Message history (inbox, sent, trash)", "Checking up the Mesaaging feature"</td>
<td></td>
<td>8</td>
<td>com.runner.runner$CucumberRunnerTests@548a24a</td></tr>
<tr>
<td title='com.runner.runner$CucumberRunnerTests.runScenario()'><b>runScenario</b><br>Test class: com.runner.runner$CucumberRunnerTests<br>Test method: Runs Cucumber Scenarios<br>Parameters: "Registration form", "Register form"</td>
<td></td>
<td>4</td>
<td>com.runner.runner$CucumberRunnerTests@548a24a</td></tr>
<tr>
<td title='com.runner.runner$CucumberRunnerTests.runScenario()'><b>runScenario</b><br>Test class: com.runner.runner$CucumberRunnerTests<br>Test method: Runs Cucumber Scenarios<br>Parameters: "User to user payments", "To validate the payments feature in application"</td>
<td></td>
<td>13</td>
<td>com.runner.runner$CucumberRunnerTests@548a24a</td></tr>
<tr>
<td title='com.runner.runner$CucumberRunnerTests.runScenario()'><b>runScenario</b><br>Test class: com.runner.runner$CucumberRunnerTests<br>Test method: Runs Cucumber Scenarios<br>Parameters: "Validating payment requests functionality of application", "To validate the payments feature in application"</td>
<td></td>
<td>11</td>
<td>com.runner.runner$CucumberRunnerTests@548a24a</td></tr>
<tr>
<td title='com.runner.runner$CucumberRunnerTests.runScenario()'><b>runScenario</b><br>Test class: com.runner.runner$CucumberRunnerTests<br>Test method: Runs Cucumber Scenarios<br>Parameters: "select address per advertisement", "Marketplace verification"</td>
<td></td>
<td>10</td>
<td>com.runner.runner$CucumberRunnerTests@548a24a</td></tr>
<tr>
<td title='com.runner.runner$CucumberRunnerTests.runScenario()'><b>runScenario</b><br>Test class: com.runner.runner$CucumberRunnerTests<br>Test method: Runs Cucumber Scenarios<br>Parameters: "category browsing", "Marketplace verification"</td>
<td></td>
<td>9</td>
<td>com.runner.runner$CucumberRunnerTests@548a24a</td></tr>
<tr>
<td title='com.runner.runner$CucumberRunnerTests.runScenario()'><b>runScenario</b><br>Test class: com.runner.runner$CucumberRunnerTests<br>Test method: Runs Cucumber Scenarios<br>Parameters: "Multiple phones", "check user functionalities"</td>
<td></td>
<td>17</td>
<td>com.runner.runner$CucumberRunnerTests@548a24a</td></tr>
<tr>
<td title='com.runner.runner$CucumberRunnerTests.runScenario()'><b>runScenario</b><br>Test class: com.runner.runner$CucumberRunnerTests<br>Test method: Runs Cucumber Scenarios<br>Parameters: "validate", "login"</td>
<td></td>
<td>5</td>
<td>com.runner.runner$CucumberRunnerTests@548a24a</td></tr>
<tr>
<td title='com.runner.runner$CucumberRunnerTests.runScenario()'><b>runScenario</b><br>Test class: com.runner.runner$CucumberRunnerTests<br>Test method: Runs Cucumber Scenarios<br>Parameters: "Manage passwords", "check user functionalities"</td>
<td></td>
<td>13</td>
<td>com.runner.runner$CucumberRunnerTests@548a24a</td></tr>
<tr>
<td title='com.runner.runner$CucumberRunnerTests.runScenario()'><b>runScenario</b><br>Test class: com.runner.runner$CucumberRunnerTests<br>Test method: Runs Cucumber Scenarios<br>Parameters: "To check the Scheduled Payments in application", "To validate the payments feature in application"</td>
<td></td>
<td>10</td>
<td>com.runner.runner$CucumberRunnerTests@548a24a</td></tr>
<tr>
<td title='com.runner.runner$CucumberRunnerTests.runScenario()'><b>runScenario</b><br>Test class: com.runner.runner$CucumberRunnerTests<br>Test method: Runs Cucumber Scenarios<br>Parameters: "Custom search filters", "Marketplace verification"</td>
<td></td>
<td>16</td>
<td>com.runner.runner$CucumberRunnerTests@548a24a</td></tr>
<tr>
<td title='com.runner.runner$CucumberRunnerTests.runScenario()'><b>runScenario</b><br>Test class: com.runner.runner$CucumberRunnerTests<br>Test method: Runs Cucumber Scenarios<br>Parameters: "schedule advertisement", "Marketplace verification"</td>
<td></td>
<td>10</td>
<td>com.runner.runner$CucumberRunnerTests@548a24a</td></tr>
<tr>
<td title='com.runner.runner$CucumberRunnerTests.runScenario()'><b>runScenario</b><br>Test class: com.runner.runner$CucumberRunnerTests<br>Test method: Runs Cucumber Scenarios<br>Parameters: "custom advertisement fields", "Marketplace verification"</td>
<td></td>
<td>11</td>
<td>com.runner.runner$CucumberRunnerTests@548a24a</td></tr>
</table><p>
</body>
</html>