<?xml version="1.0" encoding="UTF-8"?>
<!-- Generated by org.testng.reporters.JUnitReportReporter -->
<testsuite hostname="L-INE-9W3M8S3" failures="0" tests="21" name="com.runner.runner$CucumberRunnerTests" time="243.349" errors="1" timestamp="2023-09-29T11:45:12 IST" skipped="0">
  <testcase classname="com.runner.runner$CucumberRunnerTests" name="runScenario" time="16.839"/>
  <testcase classname="com.runner.runner$CucumberRunnerTests" name="runScenario" time="10.733"/>
  <testcase classname="com.runner.runner$CucumberRunnerTests" name="runScenario" time="7.717"/>
  <testcase classname="com.runner.runner$CucumberRunnerTests" name="runScenario" time="12.248"/>
  <testcase classname="com.runner.runner$CucumberRunnerTests" name="runScenario" time="8.298"/>
  <testcase classname="com.runner.runner$CucumberRunnerTests" name="runScenario" time="20.404">
    <error message="no such element: Unable to locate element: {&quot;method&quot;:&quot;xpath&quot;,&quot;selector&quot;:&quot;//span[text()=&#039;Confirm&#039;]&quot;}
  (Session info: chrome=117.0.5938.92)
For documentation on this error, please visit: https://www.selenium.dev/documentation/webdriver/troubleshooting/errors#no-such-element-exception
Build info: version: &#039;4.12.1&#039;, revision: &#039;8e34639b11&#039;
System info: os.name: &#039;Windows 10&#039;, os.arch: &#039;amd64&#039;, os.version: &#039;10.0&#039;, java.version: &#039;17.0.7&#039;
Driver info: org.openqa.selenium.chrome.ChromeDriver
Command: [44ee913c0d2a5fc1a006a646bf2995e1, findElement {using=xpath, value=//span[text()=&#039;Confirm&#039;]}]
Capabilities {acceptInsecureCerts: false, browserName: chrome, browserVersion: 117.0.5938.92, chrome: {chromedriverVersion: 117.0.5938.92 (67649b10b92b..., userDataDir: C:\Users\PSUGAN~1\AppData\L...}, fedcm:accounts: true, goog:chromeOptions: {debuggerAddress: localhost:58611}, networkConnectionEnabled: false, pageLoadStrategy: normal, platformName: windows, proxy: Proxy(), se:cdp: ws://localhost:58611/devtoo..., se:cdpVersion: 117.0.5938.92, setWindowRect: true, strictFileInteractability: false, timeouts: {implicit: 0, pageLoad: 300000, script: 30000}, unhandledPromptBehavior: dismiss and notify, webauthn:extension:credBlob: true, webauthn:extension:largeBlob: true, webauthn:extension:minPinLength: true, webauthn:extension:prf: true, webauthn:virtualAuthenticators: true}
Session ID: 44ee913c0d2a5fc1a006a646bf2995e1" type="org.openqa.selenium.NoSuchElementException">
      <![CDATA[org.openqa.selenium.NoSuchElementException: no such element: Unable to locate element: {"method":"xpath","selector":"//span[text()='Confirm']"}
  (Session info: chrome=117.0.5938.92)
For documentation on this error, please visit: https://www.selenium.dev/documentation/webdriver/troubleshooting/errors#no-such-element-exception
Build info: version: '4.12.1', revision: '8e34639b11'
System info: os.name: 'Windows 10', os.arch: 'amd64', os.version: '10.0', java.version: '17.0.7'
Driver info: org.openqa.selenium.chrome.ChromeDriver
Command: [44ee913c0d2a5fc1a006a646bf2995e1, findElement {using=xpath, value=//span[text()='Confirm']}]
Capabilities {acceptInsecureCerts: false, browserName: chrome, browserVersion: 117.0.5938.92, chrome: {chromedriverVersion: 117.0.5938.92 (67649b10b92b..., userDataDir: C:\Users\PSUGAN~1\AppData\L...}, fedcm:accounts: true, goog:chromeOptions: {debuggerAddress: localhost:58611}, networkConnectionEnabled: false, pageLoadStrategy: normal, platformName: windows, proxy: Proxy(), se:cdp: ws://localhost:58611/devtoo..., se:cdpVersion: 117.0.5938.92, setWindowRect: true, strictFileInteractability: false, timeouts: {implicit: 0, pageLoad: 300000, script: 30000}, unhandledPromptBehavior: dismiss and notify, webauthn:extension:credBlob: true, webauthn:extension:largeBlob: true, webauthn:extension:minPinLength: true, webauthn:extension:prf: true, webauthn:virtualAuthenticators: true}
Session ID: 44ee913c0d2a5fc1a006a646bf2995e1
at java.base/jdk.internal.reflect.NativeConstructorAccessorImpl.newInstance0(Native Method)
at java.base/jdk.internal.reflect.NativeConstructorAccessorImpl.newInstance(NativeConstructorAccessorImpl.java:77)
at java.base/jdk.internal.reflect.DelegatingConstructorAccessorImpl.newInstance(DelegatingConstructorAccessorImpl.java:45)
at java.base/java.lang.reflect.Constructor.newInstanceWithCaller(Constructor.java:499)
at java.base/java.lang.reflect.Constructor.newInstance(Constructor.java:480)
at org.openqa.selenium.remote.codec.w3c.W3CHttpResponseCodec.createException(W3CHttpResponseCodec.java:200)
at org.openqa.selenium.remote.codec.w3c.W3CHttpResponseCodec.decode(W3CHttpResponseCodec.java:133)
at org.openqa.selenium.remote.codec.w3c.W3CHttpResponseCodec.decode(W3CHttpResponseCodec.java:52)
at org.openqa.selenium.remote.HttpCommandExecutor.execute(HttpCommandExecutor.java:191)
at org.openqa.selenium.remote.service.DriverCommandExecutor.invokeExecute(DriverCommandExecutor.java:196)
at org.openqa.selenium.remote.service.DriverCommandExecutor.execute(DriverCommandExecutor.java:171)
at org.openqa.selenium.remote.RemoteWebDriver.execute(RemoteWebDriver.java:602)
at org.openqa.selenium.remote.ElementLocation$ElementFinder$2.findElement(ElementLocation.java:165)
at org.openqa.selenium.remote.ElementLocation.findElement(ElementLocation.java:59)
at org.openqa.selenium.remote.RemoteWebDriver.findElement(RemoteWebDriver.java:359)
at org.openqa.selenium.remote.RemoteWebDriver.findElement(RemoteWebDriver.java:353)
at org.openqa.selenium.support.pagefactory.DefaultElementLocator.findElement(DefaultElementLocator.java:68)
at org.openqa.selenium.support.pagefactory.internal.LocatingElementHandler.invoke(LocatingElementHandler.java:38)
at jdk.proxy2/jdk.proxy2.$Proxy42.click(Unknown Source)
at com.actions.VoucherActions.clickConfirm(VoucherActions.java:56)
at com.stepdefination.VoucherDefinition.click_on_confirmm(VoucherDefinition.java:152)
at âœ½.Click on confirmm(file:///C:/Users/psugandhi/Documents/GitHub/Team-Gladiators/Team_Gladiators/src/test/resources/feature/Vouchers.feature:11)
]]>
    </error>
  </testcase> <!-- runScenario -->
  <testcase classname="com.runner.runner$CucumberRunnerTests" name="runScenario" time="12.892"/>
  <testcase classname="com.runner.runner$CucumberRunnerTests" name="runScenario" time="10.022"/>
  <testcase classname="com.runner.runner$CucumberRunnerTests" name="runScenario" time="8.314"/>
  <testcase classname="com.runner.runner$CucumberRunnerTests" name="runScenario" time="4.972"/>
  <testcase classname="com.runner.runner$CucumberRunnerTests" name="runScenario" time="13.897"/>
  <testcase classname="com.runner.runner$CucumberRunnerTests" name="runScenario" time="11.294"/>
  <testcase classname="com.runner.runner$CucumberRunnerTests" name="runScenario" time="10.952"/>
  <testcase classname="com.runner.runner$CucumberRunnerTests" name="runScenario" time="9.924"/>
  <testcase classname="com.runner.runner$CucumberRunnerTests" name="runScenario" time="17.480"/>
  <testcase classname="com.runner.runner$CucumberRunnerTests" name="runScenario" time="5.547"/>
  <testcase classname="com.runner.runner$CucumberRunnerTests" name="runScenario" time="13.686"/>
  <testcase classname="com.runner.runner$CucumberRunnerTests" name="runScenario" time="10.072"/>
  <testcase classname="com.runner.runner$CucumberRunnerTests" name="runScenario" time="16.147"/>
  <testcase classname="com.runner.runner$CucumberRunnerTests" name="runScenario" time="10.854"/>
  <testcase classname="com.runner.runner$CucumberRunnerTests" name="runScenario" time="11.057"/>
</testsuite> <!-- com.runner.runner$CucumberRunnerTests -->
